<?xml version="1.0" encoding="UTF-8"?>
<!-- Generated by org.testng.reporters.JUnitReportReporter -->
<testsuite hostname="TranThuHien" failures="0" tests="14" name="tests.LoginTest" time="167.254" errors="0" timestamp="2025-06-28T19:23:14 GMT+07:00" skipped="0">
  <testcase classname="tests.LoginTest" name="testLogin" time="9.794"/>
  <testcase classname="tests.LoginTest" name="testLogin" time="9.511"/>
  <testcase classname="tests.LoginTest" name="testLogin" time="21.169"/>
  <testcase classname="tests.LoginTest" name="testLogin" time="10.452"/>
  <testcase classname="tests.LoginTest" name="testLogin" time="5.757"/>
  <testcase classname="tests.LoginTest" name="testLogin" time="17.295"/>
  <testcase classname="tests.LoginTest" name="testLogin" time="18.055"/>
  <testcase classname="tests.LoginTest" name="testLogin" time="17.804"/>
  <testcase classname="tests.LoginTest" name="testLogin" time="11.963"/>
  <testcase classname="tests.LoginTest" name="testLogin" time="10.084"/>
  <testcase classname="tests.LoginTest" name="testLogin" time="12.397"/>
  <testcase classname="tests.LoginTest" name="testLogin" time="6.613"/>
  <testcase classname="tests.LoginTest" name="testLogin" time="6.451"/>
  <testcase classname="tests.LoginTest" name="testLogin" time="9.909"/>
</testsuite> <!-- tests.LoginTest -->
