<?xml version="1.0" encoding="UTF-8"?>
<!-- Generated by org.testng.reporters.JUnitReportReporter -->
<testsuite hostname="TranThuHien" failures="0" tests="6" name="tests.DangKyTest" time="269.853" errors="0" timestamp="2025-06-01T22:38:41 GMT+07:00" skipped="0">
  <testcase classname="tests.DangKyTest" name="testDangKy" time="42.097"/>
  <testcase classname="tests.DangKyTest" name="testDangKy" time="48.281"/>
  <testcase classname="tests.DangKyTest" name="testDangKy" time="39.067"/>
  <testcase classname="tests.DangKyTest" name="testDangKy" time="41.440"/>
  <testcase classname="tests.DangKyTest" name="testDangKy" time="46.557"/>
  <testcase classname="tests.DangKyTest" name="testDangKy" time="52.411"/>
</testsuite> <!-- tests.DangKyTest -->
