<?xml version="1.0" encoding="UTF-8"?>
<!-- Generated by org.testng.reporters.JUnitReportReporter -->
<testsuite hostname="TranThuHien" failures="0" tests="1" name="tests.TestRunner" time="0.014" errors="1" timestamp="2025-07-16T18:43:45 GMT+07:00" skipped="0">
  <testcase classname="tests.TestRunner" name="sendReportByEmail" time="0.014">
    <error message="jakarta.mail.Provider: com.sun.mail.imap.IMAPProvider not a subtype" type="java.util.ServiceConfigurationError">
      <![CDATA[java.util.ServiceConfigurationError: jakarta.mail.Provider: com.sun.mail.imap.IMAPProvider not a subtype
at java.base/java.util.ServiceLoader.fail(ServiceLoader.java:589)
at java.base/java.util.ServiceLoader$LazyClassPathLookupIterator.hasNextService(ServiceLoader.java:1240)
at java.base/java.util.ServiceLoader$LazyClassPathLookupIterator.hasNext(ServiceLoader.java:1269)
at java.base/java.util.ServiceLoader$2.hasNext(ServiceLoader.java:1305)
at java.base/java.util.ServiceLoader$3.hasNext(ServiceLoader.java:1387)
at jakarta.mail.Session.loadProviders(Session.java:964)
at jakarta.mail.Session.<init>(Session.java:254)
at jakarta.mail.Session.getInstance(Session.java:281)
at utility.EmailSender.sendEmailWithAttachment(EmailSender.java:23)
at tests.TestRunner.sendReportByEmail(TestRunner.java:15)
at java.base/jdk.internal.reflect.DirectMethodHandleAccessor.invoke(DirectMethodHandleAccessor.java:103)
at java.base/java.lang.reflect.Method.invoke(Method.java:580)
at org.testng.internal.invokers.MethodInvocationHelper.invokeMethod(MethodInvocationHelper.java:141)
at org.testng.internal.invokers.MethodInvocationHelper.invokeMethodConsideringTimeout(MethodInvocationHelper.java:71)
at org.testng.internal.invokers.ConfigInvoker.invokeConfigurationMethod(ConfigInvoker.java:400)
at org.testng.internal.invokers.ConfigInvoker.invokeConfigurations(ConfigInvoker.java:333)
at org.testng.SuiteRunner.privateRun(SuiteRunner.java:386)
at org.testng.SuiteRunner.run(SuiteRunner.java:312)
at org.testng.SuiteRunnerWorker.runSuite(SuiteRunnerWorker.java:52)
at org.testng.SuiteRunnerWorker.run(SuiteRunnerWorker.java:95)
at org.testng.TestNG.runSuitesSequentially(TestNG.java:1274)
at org.testng.TestNG.runSuitesLocally(TestNG.java:1208)
at org.testng.TestNG.runSuites(TestNG.java:1112)
at org.testng.TestNG.run(TestNG.java:1079)
at org.testng.remote.AbstractRemoteTestNG.run(AbstractRemoteTestNG.java:115)
at org.testng.remote.RemoteTestNG.initAndRun(RemoteTestNG.java:293)
at org.testng.remote.RemoteTestNG.main(RemoteTestNG.java:91)
]]>
    </error>
  </testcase> <!-- sendReportByEmail -->
</testsuite> <!-- tests.TestRunner -->
