<?xml version="1.0" encoding="UTF-8"?>
<!-- Generated by org.testng.reporters.JUnitReportReporter -->
<testsuite hostname="TranThuHien" failures="0" tests="1" name="Xephang.xemxephang" time="21.285" errors="0" timestamp="2025-06-18T17:30:56 GMT+07:00" skipped="0">
  <testcase classname="Xephang.xemxephang" name="testthongtin" time="21.285"/>
</testsuite> <!-- Xephang.xemxephang -->
