<?xml version="1.0" encoding="UTF-8"?>
<!-- Generated by org.testng.reporters.JUnitReportReporter -->
<testsuite hostname="TranThuHien" failures="0" tests="1" name="thidau.Thidau" time="20.352" errors="0" timestamp="2025-06-18T02:50:06 GMT+07:00" skipped="0">
  <testcase classname="thidau.Thidau" name="timkiemtrenthanhcongcu" time="20.352"/>
</testsuite> <!-- thidau.Thidau -->
