<?xml version="1.0" encoding="UTF-8"?>
<!-- Generated by org.testng.reporters.JUnitReportReporter -->
<testsuite hostname="TranThuHien" failures="0" tests="1" name="HocTapTestNG.Xemchitietkhoahoc" time="31.733" errors="0" timestamp="2025-06-17T18:39:08 GMT+07:00" skipped="0">
  <testcase classname="HocTapTestNG.Xemchitietkhoahoc" name="xemkhoahoc" time="31.733"/>
</testsuite> <!-- HocTapTestNG.Xemchitietkhoahoc -->
