<?xml version="1.0" encoding="UTF-8"?>
<!-- Generated by org.testng.reporters.JUnitReportReporter -->
<testsuite hostname="TranThuHien" failures="0" tests="1" name="HocTapTestNG.Themkhoahocvaogiohang" time="14.422" errors="0" timestamp="2025-06-19T00:04:40 GMT+07:00" skipped="0">
  <testcase classname="HocTapTestNG.Themkhoahocvaogiohang" name="hoverthemgiohang" time="14.422"/>
</testsuite> <!-- HocTapTestNG.Themkhoahocvaogiohang -->
