<?xml version="1.0" encoding="UTF-8"?>
<!-- Generated by org.testng.reporters.JUnitReportReporter -->
<testsuite hostname="TranThuHien" failures="0" tests="1" name="Quanlygiohang.giohang" time="18.310" errors="0" timestamp="2025-06-18T20:08:52 GMT+07:00" skipped="0">
  <testcase classname="Quanlygiohang.giohang" name="testthongtin" time="18.310"/>
</testsuite> <!-- Quanlygiohang.giohang -->
