<?xml version="1.0" encoding="UTF-8"?>
<!-- Generated by org.testng.reporters.JUnitReportReporter -->
<testsuite hostname="TranThuHien" failures="0" tests="3" name="thidau.Thidautimkiem" time="3.200" errors="0" timestamp="2025-06-18T20:21:21 GMT+07:00" skipped="0">
  <testcase classname="thidau.Thidautimkiem" name="timkiemtrenthanhcongcu" time="1.438"/>
  <testcase classname="thidau.Thidautimkiem" name="timkiemtukhoasai" time="0.981"/>
  <testcase classname="thidau.Thidautimkiem" name="timkiemtukhoaHoathuonglanlon" time="0.781"/>
</testsuite> <!-- thidau.Thidautimkiem -->
