<?xml version="1.0" encoding="UTF-8"?>
<!-- Generated by org.testng.reporters.JUnitReportReporter -->
<testsuite hostname="TranThuHien" failures="0" tests="1" name="Sukien.xemsukien" time="28.107" errors="0" timestamp="2025-06-18T17:23:03 GMT+07:00" skipped="0">
  <testcase classname="Sukien.xemsukien" name="testthongtin" time="28.107"/>
</testsuite> <!-- Sukien.xemsukien -->
