<?xml version="1.0" encoding="UTF-8"?>
<!-- Generated by org.testng.reporters.JUnitReportReporter -->
<testsuite hostname="TranThuHien" failures="0" tests="1" name="thidau.LoginTest" time="15.302" errors="0" timestamp="2025-05-16T22:27:58 GMT+07:00" skipped="0">
  <testcase classname="thidau.LoginTest" name="testLogin" time="15.302"/>
</testsuite> <!-- thidau.LoginTest -->
