<?xml version="1.0" encoding="UTF-8"?>
<!-- Generated by org.testng.reporters.JUnitReportReporter -->
<testsuite hostname="TranThuHien" failures="0" tests="1" name="QuanlytrangchuTestNG.Quanlytrangchu" time="27.975" errors="0" timestamp="2025-06-18T17:21:20 GMT+07:00" skipped="0">
  <testcase classname="QuanlytrangchuTestNG.Quanlytrangchu" name="testthongtin" time="27.975"/>
</testsuite> <!-- QuanlytrangchuTestNG.Quanlytrangchu -->
