<?xml version="1.0" encoding="UTF-8"?>
<!-- Generated by org.testng.reporters.JUnitReportReporter -->
<testsuite hostname="TranThuHien" failures="0" tests="2" name="Luyentap.LuyentapTest" time="20.607" errors="0" timestamp="2025-10-31T11:35:41 GMT+07:00" skipped="0">
  <testcase classname="Luyentap.LuyentapTest" name="testLuyentapSearch" time="11.359"/>
  <testcase classname="Luyentap.LuyentapTest" name="LuyentapSearch" time="9.248"/>
</testsuite> <!-- Luyentap.LuyentapTest -->
