<?xml version="1.0" encoding="UTF-8"?>
<!-- Generated by org.testng.reporters.JUnitReportReporter -->
<testsuite hostname="TranThuHien" failures="0" tests="1" name="HocTapTestNG.Menukhoahoc" time="53.726" errors="0" timestamp="2025-10-31T11:37:00 GMT+07:00" skipped="0">
  <testcase classname="HocTapTestNG.Menukhoahoc" name="dieuhuong" time="53.726"/>
</testsuite> <!-- HocTapTestNG.Menukhoahoc -->
