<?xml version="1.0" encoding="UTF-8"?>
<!-- Generated by org.testng.reporters.JUnitReportReporter -->
<testsuite hostname="TranThuHien" failures="0" tests="1" name="Nguoichiase.nguoichiase" time="22.684" errors="0" timestamp="2025-06-18T17:54:35 GMT+07:00" skipped="0">
  <testcase classname="Nguoichiase.nguoichiase" name="testthongtin" time="22.684"/>
</testsuite> <!-- Nguoichiase.nguoichiase -->
