<?xml version="1.0" encoding="UTF-8"?>
<!-- Generated by org.testng.reporters.JUnitReportReporter -->
<testsuite hostname="TranThuHien" failures="0" tests="1" name="Chattinnhan.nhantin" time="18.992" errors="0" timestamp="2025-06-19T00:01:31 GMT+07:00" skipped="0">
  <testcase classname="Chattinnhan.nhantin" name="testthongtin" time="18.992"/>
</testsuite> <!-- Chattinnhan.nhantin -->
