<?xml version="1.0" encoding="UTF-8"?>
<!-- Generated by org.testng.reporters.JUnitReportReporter -->
<testsuite hostname="TranThuHien" failures="0" tests="2" name="QuanlytaikhoanTestNG.Quenmatkhau" time="23.614" errors="0" timestamp="2025-06-18T00:46:06 GMT+07:00" skipped="0">
  <testcase classname="QuanlytaikhoanTestNG.Quenmatkhau" name="Emailkhongtontai" time="16.025"/>
  <testcase classname="QuanlytaikhoanTestNG.Quenmatkhau" name="loginWithValidAccount" time="7.589"/>
</testsuite> <!-- QuanlytaikhoanTestNG.Quenmatkhau -->
