<?xml version="1.0" encoding="UTF-8"?>
<!-- Generated by org.testng.reporters.JUnitReportReporter -->
<testsuite hostname="TranThuHien" failures="0" tests="1" name="QuanlytaikhoanTestNG.ThongtintaikhoanTestNG" time="33.774" errors="0" timestamp="2025-06-18T01:51:38 GMT+07:00" skipped="0">
  <testcase classname="QuanlytaikhoanTestNG.ThongtintaikhoanTestNG" name="Capnhathotenthanhcong" time="33.774"/>
</testsuite> <!-- QuanlytaikhoanTestNG.ThongtintaikhoanTestNG -->
