<?xml version="1.0" encoding="UTF-8"?>
<!-- Generated by org.testng.reporters.JUnitReportReporter -->
<testsuite hostname="TranThuHien" failures="0" tests="1" name="thidau.xemthongtincuocthi" time="20.596" errors="0" timestamp="2025-06-18T20:06:18 GMT+07:00" skipped="0">
  <testcase classname="thidau.xemthongtincuocthi" name="testthongtin" time="20.596"/>
</testsuite> <!-- thidau.xemthongtincuocthi -->
