<?xml version="1.0" encoding="UTF-8"?>
<!-- Generated by org.testng.reporters.JUnitReportReporter -->
<testsuite hostname="TranThuHien" failures="0" tests="1" name="Nguoidonggop.nguoidonggop" time="20.902" errors="0" timestamp="2025-06-18T17:40:42 GMT+07:00" skipped="0">
  <testcase classname="Nguoidonggop.nguoidonggop" name="testthongtin" time="20.902"/>
</testsuite> <!-- Nguoidonggop.nguoidonggop -->
