<?xml version="1.0" encoding="UTF-8"?>
<!-- Generated by org.testng.reporters.JUnitReportReporter -->
<testsuite hostname="TranThuHien" failures="0" tests="1" name="QuanlytrangchuTestNG.Quanlytrangchu" time="13.265" errors="0" timestamp="2025-05-14T22:59:01 GMT+07:00" skipped="0">
  <testcase classname="QuanlytrangchuTestNG.Quanlytrangchu" name="testTrangChuChinh" time="13.265"/>
</testsuite> <!-- QuanlytrangchuTestNG.Quanlytrangchu -->
