<?xml version="1.0" encoding="UTF-8"?>
<!-- Generated by org.testng.reporters.JUnitReportReporter -->
<testsuite hostname="TranThuHien" failures="0" tests="1" name="QuanlytaikhoanTestNG.ThongtintaikhoanTestNG" time="28.262" errors="0" timestamp="2025-05-15T21:55:21 GMT+07:00" skipped="0">
  <testcase classname="QuanlytaikhoanTestNG.ThongtintaikhoanTestNG" name="Capnhathotenthanhcong" time="28.262"/>
</testsuite> <!-- QuanlytaikhoanTestNG.ThongtintaikhoanTestNG -->
