<?xml version="1.0" encoding="UTF-8"?>
<!-- Generated by org.testng.reporters.JUnitReportReporter -->
<testsuite hostname="TranThuHien" failures="0" tests="1" name="QuanlytrangchuTestNG.QuanlytrangchuTestNG" time="28.650" errors="0" timestamp="2025-05-16T18:33:14 GMT+07:00" skipped="0">
  <testcase classname="QuanlytrangchuTestNG.QuanlytrangchuTestNG" name="testthongtin" time="28.650"/>
</testsuite> <!-- QuanlytrangchuTestNG.QuanlytrangchuTestNG -->
