<?xml version="1.0" encoding="UTF-8"?>
<!-- Generated by org.testng.reporters.JUnitReportReporter -->
<testsuite hostname="TranThuHien" failures="0" tests="3" name="HocTapTestNG.Hoctap" time="46.878" errors="0" timestamp="2025-05-15T11:29:28 GMT+07:00" skipped="0">
  <testcase classname="HocTapTestNG.Hoctap" name="timkiem" time="26.360"/>
  <testcase classname="HocTapTestNG.Hoctap" name="timkiemkhongnhaptukhoa" time="10.653"/>
  <testcase classname="HocTapTestNG.Hoctap" name="timkiemtukhoakhongtontai" time="9.865"/>
</testsuite> <!-- HocTapTestNG.Hoctap -->
