<?xml version="1.0" encoding="UTF-8"?>
<!-- Generated by org.testng.reporters.JUnitReportReporter -->
<testsuite hostname="TranThuHien" failures="0" tests="2" name="QuanlytaikhoanTestNG.Quenmatkhau" time="17.358" errors="0" timestamp="2025-05-15T21:56:18 GMT+07:00" skipped="0">
  <testcase classname="QuanlytaikhoanTestNG.Quenmatkhau" name="loginWithValidAccount" time="7.162"/>
  <testcase classname="QuanlytaikhoanTestNG.Quenmatkhau" name="Emailkhongtontai" time="10.196"/>
</testsuite> <!-- QuanlytaikhoanTestNG.Quenmatkhau -->
